<?xml version="1.0" encoding="UTF-8"?>
<!-- Generated by org.testng.reporters.JUnitReportReporter -->
<testsuite hostname="DESKTOP-MD6PE6Q" failures="0" tests="1" name="task4.ShoppingCart" time="18.830" errors="0" timestamp="2024-08-31T11:55:50 IST" skipped="0">
  <testcase classname="task4.ShoppingCart" name="test" time="18.830"/>
</testsuite> <!-- task4.ShoppingCart -->
