<?xml version="1.0" encoding="UTF-8"?>
<!-- Generated by org.testng.reporters.JUnitReportReporter -->
<testsuite hostname="DESKTOP-MD6PE6Q" failures="0" tests="2" name="swagLabs.LoginTest" time="22.201" errors="0" timestamp="2024-08-28T14:39:48 IST" skipped="0">
  <testcase classname="swagLabs.LoginTest" name="standard_user" time="11.630"/>
  <testcase classname="swagLabs.LoginTest" name="locked_out_user" time="10.571"/>
</testsuite> <!-- swagLabs.LoginTest -->
