<?xml version="1.0" encoding="UTF-8"?>
<!-- Generated by org.testng.reporters.JUnitReportReporter -->
<testsuite hostname="DESKTOP-MD6PE6Q" failures="0" tests="6" name="task2.TestSearch" time="93.715" errors="0" timestamp="2024-08-28T23:32:03 IST" skipped="0">
  <testcase classname="task2.TestSearch" name="test" time="15.414"/>
  <testcase classname="task2.TestSearch" name="test" time="15.434"/>
  <testcase classname="task2.TestSearch" name="test" time="16.674"/>
  <testcase classname="task2.TestSearch" name="test" time="15.694"/>
  <testcase classname="task2.TestSearch" name="test" time="15.759"/>
  <testcase classname="task2.TestSearch" name="test" time="14.740"/>
</testsuite> <!-- task2.TestSearch -->
